<?xml version="1.0" encoding="UTF-8"?>
<testng-results skipped="4" failed="0" total="4" passed="0">
  <reporter-output>
  </reporter-output>
  <suite name="Default suite" duration-ms="8766" started-at="2018-08-10T12:25:41Z" finished-at="2018-08-10T12:25:50Z">
    <groups>
    </groups>
    <test name="Default test" duration-ms="8766" started-at="2018-08-10T12:25:41Z" finished-at="2018-08-10T12:25:50Z">
      <class name="com.PageLibrary.com.Ranford.TestExecution">
        <test-method status="FAIL" signature="launch_Browser()[pri:0, instance:com.PageLibrary.com.Ranford.TestExecution@18be83e4]" name="launch_Browser" is-config="true" duration-ms="0" started-at="2018-08-10T17:55:41Z" finished-at="2018-08-10T17:55:41Z">
          <exception class="org.openqa.selenium.UnhandledAlertException">
            <message>
              <![CDATA[Unexpected modal dialog (text: Connction failed try again): Connction failed try again
Build info: version: '2.53.0', revision: '35ae25b1534ae328c771e0856c93e187490ca824', time: '2016-03-15 10:43:46'
System info: host: 'DESKTOP-9AI18F1', ip: '192.168.43.50', os.name: 'Windows 10', os.arch: 'amd64', os.version: '10.0', java.version: '1.8.0_171'
Driver info: org.openqa.selenium.firefox.FirefoxDriver
Capabilities [{applicationCacheEnabled=true, rotatable=false, handlesAlerts=true, databaseEnabled=true, version=33.0, platform=WINDOWS, nativeEvents=false, acceptSslCerts=true, webStorageEnabled=true, locationContextEnabled=true, browserName=firefox, takesScreenshot=true, javascriptEnabled=true, cssSelectorsEnabled=true}]
Session ID: c5c8d324-05a3-4339-aa28-61fe8cdf0acb]]>
            </message>
            <full-stacktrace>
              <![CDATA[org.openqa.selenium.UnhandledAlertException: Unexpected modal dialog (text: Connction failed try again): Connction failed try again
Build info: version: '2.53.0', revision: '35ae25b1534ae328c771e0856c93e187490ca824', time: '2016-03-15 10:43:46'
System info: host: 'DESKTOP-9AI18F1', ip: '192.168.43.50', os.name: 'Windows 10', os.arch: 'amd64', os.version: '10.0', java.version: '1.8.0_171'
Driver info: org.openqa.selenium.firefox.FirefoxDriver
Capabilities [{applicationCacheEnabled=true, rotatable=false, handlesAlerts=true, databaseEnabled=true, version=33.0, platform=WINDOWS, nativeEvents=false, acceptSslCerts=true, webStorageEnabled=true, locationContextEnabled=true, browserName=firefox, takesScreenshot=true, javascriptEnabled=true, cssSelectorsEnabled=true}]
Session ID: c5c8d324-05a3-4339-aa28-61fe8cdf0acb
	at sun.reflect.NativeConstructorAccessorImpl.newInstance0(Native Method)
	at sun.reflect.NativeConstructorAccessorImpl.newInstance(Unknown Source)
	at sun.reflect.DelegatingConstructorAccessorImpl.newInstance(Unknown Source)
	at java.lang.reflect.Constructor.newInstance(Unknown Source)
	at org.openqa.selenium.remote.ErrorHandler.createThrowable(ErrorHandler.java:206)
	at org.openqa.selenium.remote.ErrorHandler.createUnhandledAlertException(ErrorHandler.java:187)
	at org.openqa.selenium.remote.ErrorHandler.throwIfResponseFailed(ErrorHandler.java:154)
	at org.openqa.selenium.remote.RemoteWebDriver.execute(RemoteWebDriver.java:678)
	at org.openqa.selenium.remote.RemoteWebDriver$RemoteWebDriverOptions$RemoteWindow.maximize(RemoteWebDriver.java:945)
	at com.PageLibrary.com.Ranford.Repository.launch(Repository.java:22)
	at com.PageLibrary.com.Ranford.TestExecution.launch_Browser(TestExecution.java:10)
	at sun.reflect.NativeMethodAccessorImpl.invoke0(Native Method)
	at sun.reflect.NativeMethodAccessorImpl.invoke(Unknown Source)
	at sun.reflect.DelegatingMethodAccessorImpl.invoke(Unknown Source)
	at java.lang.reflect.Method.invoke(Unknown Source)
	at org.testng.internal.MethodInvocationHelper.invokeMethod(MethodInvocationHelper.java:85)
	at org.testng.internal.Invoker.invokeConfigurationMethod(Invoker.java:510)
	at org.testng.internal.Invoker.invokeConfigurations(Invoker.java:211)
	at org.testng.internal.Invoker.invokeConfigurations(Invoker.java:138)
	at org.testng.TestRunner.beforeRun(TestRunner.java:648)
	at org.testng.TestRunner.run(TestRunner.java:616)
	at org.testng.SuiteRunner.runTest(SuiteRunner.java:359)
	at org.testng.SuiteRunner.runSequentially(SuiteRunner.java:354)
	at org.testng.SuiteRunner.privateRun(SuiteRunner.java:312)
	at org.testng.SuiteRunner.run(SuiteRunner.java:261)
	at org.testng.SuiteRunnerWorker.runSuite(SuiteRunnerWorker.java:52)
	at org.testng.SuiteRunnerWorker.run(SuiteRunnerWorker.java:86)
	at org.testng.TestNG.runSuitesSequentially(TestNG.java:1215)
	at org.testng.TestNG.runSuitesLocally(TestNG.java:1140)
	at org.testng.TestNG.run(TestNG.java:1048)
	at org.testng.remote.AbstractRemoteTestNG.run(AbstractRemoteTestNG.java:114)
	at org.testng.remote.RemoteTestNG.initAndRun(RemoteTestNG.java:251)
	at org.testng.remote.RemoteTestNG.main(RemoteTestNG.java:77)
]]>
            </full-stacktrace>
          </exception> <!-- org.openqa.selenium.UnhandledAlertException -->
          <reporter-output>
          </reporter-output>
        </test-method> <!-- launch_Browser -->
        <test-method status="SKIP" signature="verify_login()[pri:0, instance:com.PageLibrary.com.Ranford.TestExecution@18be83e4]" name="verify_login" duration-ms="0" started-at="2018-08-10T17:55:50Z" finished-at="2018-08-10T17:55:50Z">
          <reporter-output>
          </reporter-output>
        </test-method> <!-- verify_login -->
        <test-method status="SKIP" signature="click_Roles()[pri:1, instance:com.PageLibrary.com.Ranford.TestExecution@18be83e4]" name="click_Roles" duration-ms="15" started-at="2018-08-10T17:55:50Z" finished-at="2018-08-10T17:55:50Z">
          <reporter-output>
          </reporter-output>
        </test-method> <!-- click_Roles -->
        <test-method status="SKIP" signature="click_newRoles()[pri:2, instance:com.PageLibrary.com.Ranford.TestExecution@18be83e4]" name="click_newRoles" duration-ms="16" started-at="2018-08-10T17:55:50Z" finished-at="2018-08-10T17:55:50Z">
          <reporter-output>
          </reporter-output>
        </test-method> <!-- click_newRoles -->
        <test-method status="SKIP" signature="newRoles_Operation()[pri:3, instance:com.PageLibrary.com.Ranford.TestExecution@18be83e4]" name="newRoles_Operation" duration-ms="0" started-at="2018-08-10T17:55:50Z" finished-at="2018-08-10T17:55:50Z">
          <reporter-output>
          </reporter-output>
        </test-method> <!-- newRoles_Operation -->
      </class> <!-- com.PageLibrary.com.Ranford.TestExecution -->
    </test> <!-- Default test -->
  </suite> <!-- Default suite -->
</testng-results>
