<?xml version="1.0" encoding="UTF-8"?>
<testng-results skipped="0" failed="1" total="6" passed="5">
  <reporter-output>
    <line>
      <![CDATA[Launched browser is passed]]>
    </line>
    <line>
      <![CDATA[Login test is passed]]>
    </line>
    <line>
      <![CDATA[Branch click is passed]]>
    </line>
    <line>
      <![CDATA[New Branch click is passed]]>
    </line>
  </reporter-output>
  <suite name="Default suite" duration-ms="25219" started-at="2018-09-04T11:05:36Z" finished-at="2018-09-04T11:06:02Z">
    <groups>
    </groups>
    <test name="Default test" duration-ms="25219" started-at="2018-09-04T11:05:36Z" finished-at="2018-09-04T11:06:02Z">
      <class name="com.PageLibrary.com.Ranford.TestExecution">
        <test-method status="PASS" signature="extentset()[pri:0, instance:com.PageLibrary.com.Ranford.TestExecution@3532ec19]" name="extentset" is-config="true" duration-ms="172" started-at="2018-09-04T16:35:36Z" finished-at="2018-09-04T16:35:36Z">
          <reporter-output>
          </reporter-output>
        </test-method> <!-- extentset -->
        <test-method status="PASS" signature="launch_Browser()[pri:0, instance:com.PageLibrary.com.Ranford.TestExecution@3532ec19]" name="launch_Browser" duration-ms="17314" started-at="2018-09-04T16:35:36Z" finished-at="2018-09-04T16:35:54Z">
          <reporter-output>
            <line>
              <![CDATA[Launched browser is passed]]>
            </line>
          </reporter-output>
        </test-method> <!-- launch_Browser -->
        <test-method status="PASS" signature="beforemethod(java.lang.reflect.Method)[pri:0, instance:com.PageLibrary.com.Ranford.TestExecution@3532ec19]" name="beforemethod" is-config="true" duration-ms="0" started-at="2018-09-04T16:35:36Z" finished-at="2018-09-04T16:35:36Z">
          <params>
            <param index="0">
              <value>
                <![CDATA[public void com.PageLibrary.com.Ranford.TestExecution.launch_Browser()]]>
              </value>
            </param>
          </params>
          <reporter-output>
          </reporter-output>
        </test-method> <!-- beforemethod -->
        <test-method status="PASS" signature="beforemethod(java.lang.reflect.Method)[pri:0, instance:com.PageLibrary.com.Ranford.TestExecution@3532ec19]" name="beforemethod" is-config="true" duration-ms="0" started-at="2018-09-04T16:35:54Z" finished-at="2018-09-04T16:35:54Z">
          <params>
            <param index="0">
              <value>
                <![CDATA[public void com.PageLibrary.com.Ranford.TestExecution.verify_login()]]>
              </value>
            </param>
          </params>
          <reporter-output>
          </reporter-output>
        </test-method> <!-- beforemethod -->
        <test-method status="PASS" signature="verify_login()[pri:1, instance:com.PageLibrary.com.Ranford.TestExecution@3532ec19]" name="verify_login" duration-ms="2906" started-at="2018-09-04T16:35:54Z" finished-at="2018-09-04T16:35:57Z">
          <reporter-output>
            <line>
              <![CDATA[Login test is passed]]>
            </line>
          </reporter-output>
        </test-method> <!-- verify_login -->
        <test-method status="PASS" signature="beforemethod(java.lang.reflect.Method)[pri:0, instance:com.PageLibrary.com.Ranford.TestExecution@3532ec19]" name="beforemethod" is-config="true" duration-ms="0" started-at="2018-09-04T16:35:57Z" finished-at="2018-09-04T16:35:57Z">
          <params>
            <param index="0">
              <value>
                <![CDATA[public void com.PageLibrary.com.Ranford.TestExecution.click_Branches()]]>
              </value>
            </param>
          </params>
          <reporter-output>
          </reporter-output>
        </test-method> <!-- beforemethod -->
        <test-method status="PASS" signature="click_Branches()[pri:2, instance:com.PageLibrary.com.Ranford.TestExecution@3532ec19]" name="click_Branches" duration-ms="219" started-at="2018-09-04T16:35:57Z" finished-at="2018-09-04T16:35:57Z">
          <reporter-output>
            <line>
              <![CDATA[Branch click is passed]]>
            </line>
          </reporter-output>
        </test-method> <!-- click_Branches -->
        <test-method status="PASS" signature="beforemethod(java.lang.reflect.Method)[pri:0, instance:com.PageLibrary.com.Ranford.TestExecution@3532ec19]" name="beforemethod" is-config="true" duration-ms="0" started-at="2018-09-04T16:35:57Z" finished-at="2018-09-04T16:35:57Z">
          <params>
            <param index="0">
              <value>
                <![CDATA[public void com.PageLibrary.com.Ranford.TestExecution.click_NewBranch()]]>
              </value>
            </param>
          </params>
          <reporter-output>
          </reporter-output>
        </test-method> <!-- beforemethod -->
        <test-method status="PASS" signature="click_NewBranch()[pri:3, instance:com.PageLibrary.com.Ranford.TestExecution@3532ec19]" name="click_NewBranch" duration-ms="1781" started-at="2018-09-04T16:35:57Z" finished-at="2018-09-04T16:35:59Z">
          <reporter-output>
            <line>
              <![CDATA[New Branch click is passed]]>
            </line>
          </reporter-output>
        </test-method> <!-- click_NewBranch -->
        <test-method status="PASS" signature="newBranch_Operations(java.lang.String, java.lang.String, java.lang.String, java.lang.String, java.lang.String, java.lang.String)[pri:4, instance:com.PageLibrary.com.Ranford.TestExecution@3532ec19]" name="newBranch_Operations" duration-ms="2552" started-at="2018-09-04T16:35:59Z" data-provider="branches" finished-at="2018-09-04T16:36:01Z">
          <params>
            <param index="0">
              <value>
                <![CDATA[Marathalli]]>
              </value>
            </param>
            <param index="1">
              <value>
                <![CDATA[157/D1]]>
              </value>
            </param>
            <param index="2">
              <value>
                <![CDATA[56003]]>
              </value>
            </param>
            <param index="3">
              <value>
                <![CDATA[UK]]>
              </value>
            </param>
            <param index="4">
              <value>
                <![CDATA[England]]>
              </value>
            </param>
            <param index="5">
              <value>
                <![CDATA[LONDON]]>
              </value>
            </param>
          </params>
          <reporter-output>
          </reporter-output>
        </test-method> <!-- newBranch_Operations -->
        <test-method status="PASS" signature="beforemethod(java.lang.reflect.Method)[pri:0, instance:com.PageLibrary.com.Ranford.TestExecution@3532ec19]" name="beforemethod" is-config="true" duration-ms="0" started-at="2018-09-04T16:35:59Z" finished-at="2018-09-04T16:35:59Z">
          <params>
            <param index="0">
              <value>
                <![CDATA[public void com.PageLibrary.com.Ranford.TestExecution.newBranch_Operations(java.lang.String,java.lang.String,java.lang.String,java.lang.String,java.lang.String,java.lang.String)]]>
              </value>
            </param>
          </params>
          <reporter-output>
          </reporter-output>
        </test-method> <!-- beforemethod -->
        <test-method status="PASS" signature="beforemethod(java.lang.reflect.Method)[pri:0, instance:com.PageLibrary.com.Ranford.TestExecution@3532ec19]" name="beforemethod" is-config="true" duration-ms="10" started-at="2018-09-04T16:36:01Z" finished-at="2018-09-04T16:36:01Z">
          <params>
            <param index="0">
              <value>
                <![CDATA[public void com.PageLibrary.com.Ranford.TestExecution.validate_excel()]]>
              </value>
            </param>
          </params>
          <reporter-output>
          </reporter-output>
        </test-method> <!-- beforemethod -->
        <test-method status="FAIL" signature="validate_excel()[pri:5, instance:com.PageLibrary.com.Ranford.TestExecution@3532ec19]" name="validate_excel" duration-ms="240" started-at="2018-09-04T16:36:01Z" finished-at="2018-09-04T16:36:02Z">
          <exception class="java.lang.NullPointerException">
            <full-stacktrace>
              <![CDATA[java.lang.NullPointerException
	at excel.Excel.ccount(Excel.java:44)
	at com.PageLibrary.com.Ranford.TestExecution.validate_excel(TestExecution.java:93)
	at sun.reflect.NativeMethodAccessorImpl.invoke0(Native Method)
	at sun.reflect.NativeMethodAccessorImpl.invoke(Unknown Source)
	at sun.reflect.DelegatingMethodAccessorImpl.invoke(Unknown Source)
	at java.lang.reflect.Method.invoke(Unknown Source)
	at org.testng.internal.MethodInvocationHelper.invokeMethod(MethodInvocationHelper.java:85)
	at org.testng.internal.Invoker.invokeMethod(Invoker.java:639)
	at org.testng.internal.Invoker.invokeTestMethod(Invoker.java:816)
	at org.testng.internal.Invoker.invokeTestMethods(Invoker.java:1124)
	at org.testng.internal.TestMethodWorker.invokeTestMethods(TestMethodWorker.java:125)
	at org.testng.internal.TestMethodWorker.run(TestMethodWorker.java:108)
	at org.testng.TestRunner.privateRun(TestRunner.java:774)
	at org.testng.TestRunner.run(TestRunner.java:624)
	at org.testng.SuiteRunner.runTest(SuiteRunner.java:359)
	at org.testng.SuiteRunner.runSequentially(SuiteRunner.java:354)
	at org.testng.SuiteRunner.privateRun(SuiteRunner.java:312)
	at org.testng.SuiteRunner.run(SuiteRunner.java:261)
	at org.testng.SuiteRunnerWorker.runSuite(SuiteRunnerWorker.java:52)
	at org.testng.SuiteRunnerWorker.run(SuiteRunnerWorker.java:86)
	at org.testng.TestNG.runSuitesSequentially(TestNG.java:1215)
	at org.testng.TestNG.runSuitesLocally(TestNG.java:1140)
	at org.testng.TestNG.run(TestNG.java:1048)
	at org.testng.remote.AbstractRemoteTestNG.run(AbstractRemoteTestNG.java:114)
	at org.testng.remote.RemoteTestNG.initAndRun(RemoteTestNG.java:251)
	at org.testng.remote.RemoteTestNG.main(RemoteTestNG.java:77)
]]>
            </full-stacktrace>
          </exception> <!-- java.lang.NullPointerException -->
          <reporter-output>
          </reporter-output>
        </test-method> <!-- validate_excel -->
        <test-method status="PASS" signature="aftersuite()[pri:0, instance:com.PageLibrary.com.Ranford.TestExecution@3532ec19]" name="aftersuite" is-config="true" duration-ms="310" started-at="2018-09-04T16:36:02Z" finished-at="2018-09-04T16:36:02Z">
          <reporter-output>
          </reporter-output>
        </test-method> <!-- aftersuite -->
      </class> <!-- com.PageLibrary.com.Ranford.TestExecution -->
    </test> <!-- Default test -->
  </suite> <!-- Default suite -->
</testng-results>
